   0.00s scanning for 4C:72:74:5C:ED:EF ...
   2.08s connected: True
   2.21s notifications enabled on fff1 + fff2
   2.24s sent handshake ff 01 00 fe
   2.25s [fff1] 00 01 00 01          -> ack/answer
   2.35s [fff1] 60 02 00 00 62       -> voltage = 0.0 V
   2.46s [fff1] 61 02 01 00 62       -> current = 0.01 A
   2.56s [fff1] 62 01 00 63          -> capacity = 0 %
   2.85s sent password '123456'
   2.85s streaming (Ctrl-C to stop) ...
   2.85s [fff2] 01                   -> auth/pwd ack
   3.34s [fff1] 60 02 00 00 62       -> voltage = 0.0 V
   3.44s [fff1] 61 02 01 00 62       -> current = 0.01 A
   3.54s [fff1] 62 01 00 63          -> capacity = 0 %
   4.34s [fff1] 60 02 00 00 62       -> voltage = 0.0 V
   4.43s [fff1] 61 02 01 00 62       -> current = 0.01 A
   4.53s [fff1] 62 01 00 63          -> capacity = 0 %
   5.35s [fff1] 60 02 00 00 62       -> voltage = 0.0 V
   5.43s [fff1] 61 02 01 00 62       -> current = 0.01 A
   5.53s [fff1] 62 01 00 63          -> capacity = 0 %
   6.33s [fff1] 60 02 00 00 62       -> voltage = 0.0 V
   6.43s [fff1] 61 02 01 00 62       -> current = 0.01 A
   6.53s [fff1] 62 01 00 63          -> capacity = 0 %
   7.33s [fff1] 60 02 00 00 62       -> voltage = 0.0 V
   7.43s [fff1] 61 02 01 00 62       -> current = 0.01 A
   7.53s [fff1] 62 01 00 63          -> capacity = 0 %
   8.32s [fff1] 60 02 00 00 62       -> voltage = 0.0 V
   8.42s [fff1] 61 02 01 00 62       -> current = 0.01 A
   8.52s [fff1] 62 01 00 63          -> capacity = 0 %
   9.32s [fff1] 60 02 00 00 62       -> voltage = 0.0 V
   9.42s [fff1] 61 02 01 00 62       -> current = 0.01 A
   9.52s [fff1] 62 01 00 63          -> capacity = 0 %
  10.31s [fff1] 60 02 00 00 62       -> voltage = 0.0 V
  10.41s [fff1] 61 02 01 00 62       -> current = 0.01 A
  10.52s [fff1] 62 01 00 63          -> capacity = 0 %
  11.31s [fff1] 60 02 00 00 62       -> voltage = 0.0 V
  11.41s [fff1] 61 02 01 00 62       -> current = 0.01 A
  11.53s [fff1] 62 01 00 63          -> capacity = 0 %
  12.30s [fff1] 60 02 00 00 62       -> voltage = 0.0 V
  12.42s [fff1] 61 02 01 00 62       -> current = 0.01 A
  12.52s [fff1] 62 01 00 63          -> capacity = 0 %
  13.30s [fff1] 60 02 00 00 62       -> voltage = 0.0 V
  13.41s [fff1] 61 02 01 00 62       -> current = 0.01 A
  13.52s [fff1] 62 01 00 63          -> capacity = 0 %
  14.31s [fff1] 60 02 00 00 62       -> voltage = 0.0 V
  14.41s [fff1] 61 02 01 00 62       -> current = 0.01 A
  14.51s [fff1] 62 01 00 63          -> capacity = 0 %
  15.30s [fff1] 60 02 00 00 62       -> voltage = 0.0 V
  15.41s [fff1] 61 02 01 00 62       -> current = 0.01 A
  15.51s [fff1] 62 01 00 63          -> capacity = 0 %
  16.30s [fff1] 25 01 01 25          -> enable = 1
  16.50s [fff1] 25 01 01 25          -> enable = 1
  16.70s [fff1] 25 01 01 25          -> enable = 1
  16.90s [fff1] 25 01 01 25          -> enable = 1
  17.12s [fff1] 25 01 01 25          -> enable = 1
  17.32s [fff1] 25 01 00 24          -> enable = 0
  17.53s [fff1] 25 01 00 24          -> enable = 0
  17.74s [fff1] 25 01 00 24          -> enable = 0
  17.95s [fff1] 25 01 00 24          -> enable = 0
  18.15s [fff1] 25 01 00 24          -> enable = 0
  18.31s [fff1] 60 02 00 00 62       -> voltage = 0.0 V
  18.41s [fff1] 61 02 01 00 62       -> current = 0.01 A
  18.51s [fff1] 62 01 00 63          -> capacity = 0 %
  19.29s [fff1] 60 02 00 00 62       -> voltage = 0.0 V
  19.39s [fff1] 61 02 01 00 62       -> current = 0.01 A
  19.49s [fff1] 62 01 00 63          -> capacity = 0 %
  20.28s [fff1] 60 02 00 00 62       -> voltage = 0.0 V
  20.39s [fff1] 61 02 01 00 62       -> current = 0.01 A
  20.49s [fff1] 62 01 00 63          -> capacity = 0 %
  21.28s [fff1] 60 02 00 00 62       -> voltage = 0.0 V
  21.38s [fff1] 61 02 01 00 62       -> current = 0.01 A
  21.48s [fff1] 62 01 00 63          -> capacity = 0 %
  22.28s [fff1] 60 02 00 00 62       -> voltage = 0.0 V
  22.38s [fff1] 61 02 01 00 62       -> current = 0.01 A
  22.49s [fff1] 62 01 00 63          -> capacity = 0 %
  23.27s [fff1] 25 01 01 25          -> enable = 1
  23.49s [fff1] 25 01 01 25          -> enable = 1
  23.69s [fff1] 25 01 01 25          -> enable = 1
  23.89s [fff1] 25 01 01 25          -> enable = 1
  24.10s [fff1] 25 01 01 25          -> enable = 1
  24.31s [fff1] 25 01 00 24          -> enable = 0
  24.52s [fff1] 25 01 00 24          -> enable = 0
  24.72s [fff1] 25 01 00 24          -> enable = 0
  24.94s [fff1] 25 01 00 24          -> enable = 0
  25.14s [fff1] 25 01 00 24          -> enable = 0
  25.29s [fff1] 60 02 00 00 62       -> voltage = 0.0 V
  25.39s [fff1] 61 02 01 00 62       -> current = 0.01 A
  25.49s [fff1] 62 01 00 63          -> capacity = 0 %
  26.26s [fff1] 60 02 00 00 62       -> voltage = 0.0 V
  26.37s [fff1] 61 02 01 00 62       -> current = 0.01 A
  26.47s [fff1] 62 01 00 63          -> capacity = 0 %
  27.27s [fff1] 60 02 00 00 62       -> voltage = 0.0 V
  27.37s [fff1] 61 02 01 00 62       -> current = 0.01 A
  27.47s [fff1] 62 01 00 63          -> capacity = 0 %
  28.26s [fff1] 60 02 00 00 62       -> voltage = 0.0 V
  28.37s [fff1] 61 02 01 00 62       -> current = 0.01 A
  28.47s [fff1] 62 01 00 63          -> capacity = 0 %
  29.26s [fff1] 60 02 00 00 62       -> voltage = 0.0 V
  29.36s [fff1] 61 02 01 00 62       -> current = 0.01 A
  29.46s [fff1] 62 01 00 63          -> capacity = 0 %
  30.26s [fff1] 60 02 00 00 62       -> voltage = 0.0 V
  30.35s [fff1] 61 02 01 00 62       -> current = 0.01 A
  30.46s [fff1] 62 01 00 63          -> capacity = 0 %
  31.25s [fff1] 60 02 00 00 62       -> voltage = 0.0 V
  31.35s [fff1] 61 02 01 00 62       -> current = 0.01 A
  31.46s [fff1] 62 01 00 63          -> capacity = 0 %
  32.25s [fff1] 60 02 00 00 62       -> voltage = 0.0 V
  32.35s [fff1] 61 02 01 00 62       -> current = 0.01 A
  32.45s [fff1] 62 01 00 63          -> capacity = 0 %
  33.19s [fff1] 21 01 02 22          -> state = 2 (battery detected)
  33.41s [fff1] 21 01 02 22          -> state = 2 (battery detected)
  33.61s [fff1] 21 01 02 22          -> state = 2 (battery detected)
  33.81s [fff1] 21 01 02 22          -> state = 2 (battery detected)
  34.03s [fff1] 21 01 02 22          -> state = 2 (battery detected)
  34.23s [fff1] 60 02 80 00 e2       -> voltage = 12.8 V
  34.33s [fff1] 60 02 80 00 e2       -> voltage = 12.8 V
  34.44s [fff1] 61 02 01 00 62       -> current = 0.01 A
  34.53s [fff1] 62 01 50 33          -> capacity = 80 %
  35.24s [fff1] 60 02 80 00 e2       -> voltage = 12.8 V
  35.34s [fff1] 61 02 01 00 62       -> current = 0.01 A
  35.44s [fff1] 62 01 50 33          -> capacity = 80 %
  36.23s [fff1] 60 02 80 00 e2       -> voltage = 12.8 V
  36.33s [fff1] 61 02 01 00 62       -> current = 0.01 A
  36.43s [fff1] 62 01 50 33          -> capacity = 80 %
  37.23s [fff1] 25 01 01 25          -> enable = 1
  37.45s [fff1] 25 01 01 25          -> enable = 1
  37.65s [fff1] 25 01 01 25          -> enable = 1
  37.85s [fff1] 25 01 01 25          -> enable = 1
  38.07s [fff1] 25 01 01 25          -> enable = 1
  38.28s [fff1] 25 01 00 24          -> enable = 0
  38.48s [fff1] 25 01 00 24          -> enable = 0
  38.68s [fff1] 25 01 00 24          -> enable = 0
  38.89s [fff1] 25 01 00 24          -> enable = 0
  39.10s [fff1] 25 01 00 24          -> enable = 0
  39.24s [fff1] 60 02 80 00 e2       -> voltage = 12.8 V
  39.34s [fff1] 61 02 01 00 62       -> current = 0.01 A
  39.44s [fff1] 62 01 50 33          -> capacity = 80 %
  40.23s [fff1] 25 01 01 25          -> enable = 1
  40.43s [fff1] 25 01 01 25          -> enable = 1
  40.63s [fff1] 25 01 01 25          -> enable = 1
  40.83s [fff1] 25 01 01 25          -> enable = 1
  41.05s [fff1] 25 01 01 25          -> enable = 1
  41.25s [fff1] 25 01 00 24          -> enable = 0
  41.46s [fff1] 25 01 00 24          -> enable = 0
  41.68s [fff1] 25 01 00 24          -> enable = 0
  41.87s [fff1] 25 01 00 24          -> enable = 0
  42.08s [fff1] 25 01 00 24          -> enable = 0
  42.24s [fff1] 60 02 80 00 e2       -> voltage = 12.8 V
  42.34s [fff1] 61 02 01 00 62       -> current = 0.01 A
  42.44s [fff1] 62 01 50 33          -> capacity = 80 %
  43.22s [fff1] 60 02 80 00 e2       -> voltage = 12.8 V
  43.32s [fff1] 61 02 01 00 62       -> current = 0.01 A
  43.42s [fff1] 62 01 50 33          -> capacity = 80 %
  44.21s [fff1] 25 01 01 25          -> enable = 1
  44.41s [fff1] 25 01 01 25          -> enable = 1
  44.62s [fff1] 25 01 01 25          -> enable = 1
  44.83s [fff1] 25 01 01 25          -> enable = 1
  45.04s [fff1] 25 01 01 25          -> enable = 1
  45.24s [fff1] 25 01 00 24          -> enable = 0
  45.46s [fff1] 25 01 00 24          -> enable = 0
  45.66s [fff1] 25 01 00 24          -> enable = 0
  45.86s [fff1] 25 01 00 24          -> enable = 0
  46.09s [fff1] 25 01 00 24          -> enable = 0
  46.28s [fff1] 60 02 80 00 e2       -> voltage = 12.8 V
  46.39s [fff1] 61 02 01 00 62       -> current = 0.01 A
  46.49s [fff1] 62 01 50 33          -> capacity = 80 %
  47.20s [fff1] 60 02 80 00 e2       -> voltage = 12.8 V
  47.30s [fff1] 61 02 01 00 62       -> current = 0.01 A
  47.40s [fff1] 62 01 50 33          -> capacity = 80 %
  47.76s [fff1] 01 03 21             -> program = 3 (car)
  47.98s [fff1] 23 01 03 21          -> program = 3 (car)
  48.18s [fff1] 23 01 03 21          -> program = 3 (car)
  48.42s [fff1] 23 01 03 21          -> program = 3 (car)
  48.63s [fff1] 23 01 03 21          -> program = 3 (car)
  48.83s [fff1] 24 01 01 24          -> step = 1 (check)
  49.05s [fff1] 24 01 01 24          -> step = 1 (check)
  49.28s [fff1] 24 01 01 24          -> step = 1 (check)
  49.48s [fff1] 24 01 01 24          -> step = 1 (check)
  49.70s [fff1] 24 01 01 24          -> step = 1 (check)
  49.83s [fff1] 60 02 80 00 e2       -> voltage = 12.8 V
  49.93s [fff1] 61 02 01 00 62       -> current = 0.01 A
  50.04s [fff1] 62 01 19 7a          -> capacity = 25 %
  50.23s [fff1] 02 80 00 e2          -> voltage = 12.8 V
  50.34s [fff1] 61 02 01 00 62       -> current = 0.01 A
  50.43s [fff1] 62 01 19 7a          -> capacity = 25 %
  51.23s [fff1] 02 80 00 e2          -> voltage = 12.8 V
  51.33s [fff1] 61 02 01 00 62       -> current = 0.01 A
  51.43s [fff1] 24 01 04 21          -> step = 4 (bulk)
  51.64s [fff1] 24 01 04 21          -> step = 4 (bulk)
  51.85s [fff1] 24 01 04 21          -> step = 4 (bulk)
  52.06s [fff1] 24 01 04 21          -> step = 4 (bulk)
  52.26s [fff1] 24 01 04 21          -> step = 4 (bulk)
  52.48s [fff1] 60 02 80 00 e2       -> voltage = 12.8 V
  52.59s [fff1] 61 02 8e 01 ec       -> current = 3.98 A
  52.68s [fff1] 62 01 19 7a          -> capacity = 25 %
  53.19s [fff1] 60 02 80 00 e2       -> voltage = 12.8 V
  53.29s [fff1] 61 02 8e 01 ec       -> current = 3.98 A
  53.39s [fff1] 62 01 19 7a          -> capacity = 25 %
  54.19s [fff1] 60 02 80 00 e2       -> voltage = 12.8 V
  54.29s [fff1] ec                   -> current = 3.98 A
  54.39s [fff1] 62 01 19 7a          -> capacity = 25 %
  55.18s [fff1] 60 02 80 00 e2       -> voltage = 12.8 V
  55.29s [fff1] 61 02 8e 01 ec       -> current = 3.98 A
  55.39s [fff1] 62 01 19 7a          -> capacity = 25 %
  56.18s [fff1] 60 02 82 00 e0       -> voltage = 13.0 V
  56.28s [fff1] 61 02 8e 01 ec       -> current = 3.98 A
  56.38s [fff1] 62 01 1e 7d          -> capacity = 30 %
  57.17s [fff1] 60 02 82 00 e0       -> voltage = 13.0 V
  57.28s [fff1] 61 02 8e 01 ec       -> current = 3.98 A
  57.38s [fff1] 62 01 1e 7d          -> capacity = 30 %
  58.17s [fff1] 60 02 82 00 e0       -> voltage = 13.0 V
  58.27s [fff1] 61 02 8e 01 ec       -> current = 3.98 A
  58.37s [fff1] 62 01 1e 7d          -> capacity = 30 %
  59.17s [fff1] 60 02 82 00 e0       -> voltage = 13.0 V
  59.27s [fff1] 61 02 8e 01 ec       -> current = 3.98 A
  59.37s [fff1] 62 01 1e 7d          -> capacity = 30 %
  60.16s [fff1] 60 02 82 00 e0       -> voltage = 13.0 V
  60.27s [fff1] 61 02 8e 01 ec       -> current = 3.98 A
  60.37s [fff1] 62 01 1e 7d          -> capacity = 30 %
  61.16s [fff1] 60 02 82 00 e0       -> voltage = 13.0 V
  61.26s [fff1] 61 02 8e 01 ec       -> current = 3.98 A
  61.37s [fff1] 62 01 1e 7d          -> capacity = 30 %
  62.15s [fff1] 60 02 83 00 e1       -> voltage = 13.1 V
  62.26s [fff1] 61 02 8e 01 ec       -> current = 3.98 A
  62.37s [fff1] 62 01 28 4b          -> capacity = 40 %
  63.15s [fff1] 60 02 83 00 e1       -> voltage = 13.1 V
  63.27s [fff1] 61 02 8e 01 ec       -> current = 3.98 A
  63.37s [fff1] 62 01 28 4b          -> capacity = 40 %
  64.15s [fff1] 60 02 83 00 e1       -> voltage = 13.1 V
  64.26s [fff1] 61 02 8e 01 ec       -> current = 3.98 A
  64.36s [fff1] 62 01 28 4b          -> capacity = 40 %
  65.14s [fff1] 60 02 83 00 e1       -> voltage = 13.1 V
  65.26s [fff1] 61 02 8e 01 ec       -> current = 3.98 A
  65.36s [fff1] 62 01 28 4b          -> capacity = 40 %
  66.15s [fff1] 60 02 83 00 e1       -> voltage = 13.1 V
  66.25s [fff1] 61 02 8e 01 ec       -> current = 3.98 A
  66.35s [fff1] 62 01 28 4b          -> capacity = 40 %
  67.15s [fff1] 60 02 83 00 e1       -> voltage = 13.1 V
  67.25s [fff1] 61 02 8e 01 ec       -> current = 3.98 A
  67.35s [fff1] 62 01 28 4b          -> capacity = 40 %
  68.14s [fff1] 60 02 83 00 e1       -> voltage = 13.1 V
  68.24s [fff1] 61 02 8e 01 ec       -> current = 3.98 A
  68.35s [fff1] 62 01 28 4b          -> capacity = 40 %
  69.14s [fff1] 60 02 84 00 e6       -> voltage = 13.2 V
  69.24s [fff1] 61 02 8e 01 ec       -> current = 3.98 A
  69.34s [fff1] 62 01 28 4b          -> capacity = 40 %
  70.14s [fff1] 60 02 84 00 e6       -> voltage = 13.2 V
  70.24s [fff1] 61 02 8e 01 ec       -> current = 3.98 A
  70.34s [fff1] 62 01 28 4b          -> capacity = 40 %
  71.13s [fff1] 60 02 84 00 e6       -> voltage = 13.2 V
  71.23s [fff1] 61 02 8e 01 ec       -> current = 3.98 A
  71.33s [fff1] 62 01 28 4b          -> capacity = 40 %
  72.13s [fff1] 60 02 85 00 e7       -> voltage = 13.3 V
  72.23s [fff1] ec                   -> current = 3.98 A
  72.33s [fff1] 62 01 28 4b          -> capacity = 40 %
  73.12s [fff1] 60 02 85 00 e7       -> voltage = 13.3 V
  73.23s [fff1] 61 02 8e 01 ec       -> current = 3.98 A
  73.35s [fff1] 62 01 2d 4e          -> capacity = 45 %
  74.12s [fff1] 60 02 85 00 e7       -> voltage = 13.3 V
  74.23s [fff1] 61 02 8e 01 ec       -> current = 3.98 A
  74.34s [fff1] 62 01 2d 4e          -> capacity = 45 %
  75.11s [fff1] 60 02 85 00 e7       -> voltage = 13.3 V
  75.22s [fff1] 61 02 8e 01 ec       -> current = 3.98 A
  75.33s [fff1] 62 01 2d 4e          -> capacity = 45 %
  76.11s [fff1] 60 02 85 00 e7       -> voltage = 13.3 V
  76.23s [fff1] ec                   -> current = 3.98 A
  76.33s [fff1] 62 01 2d 4e          -> capacity = 45 %
  77.11s [fff1] 60 02 85 00 e7       -> voltage = 13.3 V
  77.22s [fff1] 61 02 8e 01 ec       -> current = 3.98 A
  77.32s [fff1] 62 01 2d 4e          -> capacity = 45 %
  78.10s [fff1] 60 02 85 00 e7       -> voltage = 13.3 V
  78.22s [fff1] 61 02 8e 01 ec       -> current = 3.98 A
  78.32s [fff1] 62 01 2d 4e          -> capacity = 45 %
  79.10s [fff1] e7                   -> voltage = 13.3 V
  79.21s [fff1] 61 02 8e 01 ec       -> current = 3.98 A
  79.32s [fff1] 2d 4e                -> capacity = 45 %
  80.10s [fff1] 60 02 85 00 e7       -> voltage = 13.3 V
  80.21s [fff1] 61 02 8e 01 ec       -> current = 3.98 A
  80.31s [fff1] 62 01 2d 4e          -> capacity = 45 %
  81.10s [fff1] 60 02 85 00 e7       -> voltage = 13.3 V
  81.21s [fff1] 61 02 8e 01 ec       -> current = 3.98 A
  81.30s [fff1] 62 01 2d 4e          -> capacity = 45 %
  82.10s [fff1] 60 02 85 00 e7       -> voltage = 13.3 V
  82.20s [fff1] 61 02 8e 01 ec       -> current = 3.98 A
  82.30s [fff1] 62 01 2d 4e          -> capacity = 45 %
  83.10s [fff1] 60 02 87 00 e5       -> voltage = 13.5 V
  83.20s [fff1] 61 02 8e 01 ec       -> current = 3.98 A
  83.30s [fff1] 62 01 37 54          -> capacity = 55 %
  84.09s [fff1] 60 02 87 00 e5       -> voltage = 13.5 V
  84.19s [fff1] 61 02 8e 01 ec       -> current = 3.98 A
  84.29s [fff1] 62 01 37 54          -> capacity = 55 %
  85.09s [fff1] 60 02 87 00 e5       -> voltage = 13.5 V
  85.19s [fff1] 61 02 8e 01 ec       -> current = 3.98 A
  85.29s [fff1] 62 01 37 54          -> capacity = 55 %
  86.08s [fff1] 60 02 87 00 e5       -> voltage = 13.5 V
  86.19s [fff1] 61 02 8e 01 ec       -> current = 3.98 A
  86.29s [fff1] 62 01 37 54          -> capacity = 55 %
  87.08s [fff1] 60 02 87 00 e5       -> voltage = 13.5 V
  87.18s [fff1] 61 02 8e 01 ec       -> current = 3.98 A
  87.29s [fff1] 62 01 37 54          -> capacity = 55 %
  88.08s [fff1] 60 02 87 00 e5       -> voltage = 13.5 V
  88.18s [fff1] 61 02 8e 01 ec       -> current = 3.98 A
  88.28s [fff1] 62 01 37 54          -> capacity = 55 %
  89.07s [fff1] 60 02 87 00 e5       -> voltage = 13.5 V
  89.17s [fff1] 61 02 8e 01 ec       -> current = 3.98 A
  89.29s [fff1] 62 01 37 54          -> capacity = 55 %
  90.07s [fff1] 60 02 87 00 e5       -> voltage = 13.5 V
  90.17s [fff1] 8e 01 ec             -> current = 3.98 A
  90.29s [fff1] 62 01 37 54          -> capacity = 55 %
  91.06s [fff1] 60 02 87 00 e5       -> voltage = 13.5 V
  91.18s [fff1] 61 02 8e 01 ec       -> current = 3.98 A
  91.28s [fff1] 62 01 37 54          -> capacity = 55 %
  92.06s [fff1] 60 02 87 00 e5       -> voltage = 13.5 V
  92.17s [fff1] 61 02 8e 01 ec       -> current = 3.98 A
  92.27s [fff1] 62 01 37 54          -> capacity = 55 %
  93.06s [fff1] 60 02 87 00 e5       -> voltage = 13.5 V
  93.17s [fff1] 61 02 8e 01 ec       -> current = 3.98 A
  93.27s [fff1] 62 01 37 54          -> capacity = 55 %
  94.07s [fff1] 60 02 88 00 ea       -> voltage = 13.6 V
  94.16s [fff1] 61 02 8e 01 ec       -> current = 3.98 A
  94.26s [fff1] 62 01 3c 5f          -> capacity = 60 %
  95.06s [fff1] 60 02 88 00 ea       -> voltage = 13.6 V
  95.16s [fff1] 61 02 8e 01 ec       -> current = 3.98 A
  95.26s [fff1] 62 01 3c 5f          -> capacity = 60 %
  96.05s [fff1] 60 02 88 00 ea       -> voltage = 13.6 V
  96.16s [fff1] ec                   -> current = 3.98 A
  96.26s [fff1] 62 01 3c 5f          -> capacity = 60 %
  97.05s [fff1] 60 02 88 00 ea       -> voltage = 13.6 V
  97.15s [fff1] 61 02 8e 01 ec       -> current = 3.98 A
  97.26s [fff1] 62 01 3c 5f          -> capacity = 60 %
  98.04s [fff1] 60 02 88 00 ea       -> voltage = 13.6 V
  98.15s [fff1] 61 02 8e 01 ec       -> current = 3.98 A
  98.25s [fff1] 62 01 3c 5f          -> capacity = 60 %
  99.04s [fff1] 60 02 88 00 ea       -> voltage = 13.6 V
  99.15s [fff1] 61 02 8e 01 ec       -> current = 3.98 A
  99.24s [fff1] 62 01 3c 5f          -> capacity = 60 %
 100.04s [fff1] 60 02 88 00 ea       -> voltage = 13.6 V
 100.15s [fff1] 61 02 8e 01 ec       -> current = 3.98 A
 100.24s [fff1] 62 01 3c 5f          -> capacity = 60 %
 101.03s [fff1] 60 02 88 00 ea       -> voltage = 13.6 V
 101.15s [fff1] 61 02 8e 01 ec       -> current = 3.98 A
 101.24s [fff1] 62 01 3c 5f          -> capacity = 60 %
 102.04s [fff1] 60 02 88 00 ea       -> voltage = 13.6 V
 102.13s [fff1] 61 02 8e 01 ec       -> current = 3.98 A
 102.24s [fff1] 62 01 3c 5f          -> capacity = 60 %
 103.03s [fff1] 60 02 88 00 ea       -> voltage = 13.6 V
 103.13s [fff1] 61 02 8e 01 ec       -> current = 3.98 A
 103.24s [fff1] 62 01 3c 5f          -> capacity = 60 %
 104.02s [fff1] 60 02 89 00 eb       -> voltage = 13.7 V
 104.14s [fff1] 61 02 8e 01 ec       -> current = 3.98 A
 104.24s [fff1] 62 01 41 22          -> capacity = 65 %
 105.02s [fff1] 60 02 89 00 eb       -> voltage = 13.7 V
 105.13s [fff1] 61 02 8e 01 ec       -> current = 3.98 A
 105.23s [fff1] 62 01 41 22          -> capacity = 65 %
 106.03s [fff1] 60 02 89 00 eb       -> voltage = 13.7 V
 106.13s [fff1] 61 02 8e 01 ec       -> current = 3.98 A
 106.23s [fff1] 62 01 41 22          -> capacity = 65 %
 107.02s [fff1] 60 02 89 00 eb       -> voltage = 13.7 V
 107.12s [fff1] 61 02 8e 01 ec       -> current = 3.98 A
 107.22s [fff1] 62 01 41 22          -> capacity = 65 %
 108.02s [fff1] 60 02 89 00 eb       -> voltage = 13.7 V
 108.12s [fff1] 61 02 8e 01 ec       -> current = 3.98 A
 108.22s [fff1] 62 01 41 22          -> capacity = 65 %
 109.01s [fff1] 60 02 89 00 eb       -> voltage = 13.7 V
 109.12s [fff1] 61 02 8e 01 ec       -> current = 3.98 A
 109.22s [fff1] 62 01 41 22          -> capacity = 65 %
 110.01s [fff1] 60 02 89 00 eb       -> voltage = 13.7 V
 110.11s [fff1] 61 02 8e 01 ec       -> current = 3.98 A
 110.21s [fff1] 62 01 41 22          -> capacity = 65 %
 111.01s [fff1] 60 02 89 00 eb       -> voltage = 13.7 V
 111.11s [fff1] 61 02 8e 01 ec       -> current = 3.98 A
 111.21s [fff1] 62 01 41 22          -> capacity = 65 %
 112.00s [fff1] 60 02 89 00 eb       -> voltage = 13.7 V
 112.10s [fff1] 61 02 8e 01 ec       -> current = 3.98 A
 112.21s [fff1] 62 01 41 22          -> capacity = 65 %
 113.00s [fff1] 60 02 89 00 eb       -> voltage = 13.7 V
 113.10s [fff1] 61 02 8e 01 ec       -> current = 3.98 A
 113.20s [fff1] 62 01 41 22          -> capacity = 65 %
 114.00s [fff1] 60 02 8a 00 e8       -> voltage = 13.8 V
 114.10s [fff1] 8e 01 ec             -> current = 3.98 A
 114.20s [fff1] 62 01 46 25          -> capacity = 70 %
 114.99s [fff1] 60 02 8a 00 e8       -> voltage = 13.8 V
 115.09s [fff1] 61 02 8e 01 ec       -> current = 3.98 A
 115.21s [fff1] 62 01 46 25          -> capacity = 70 %
 115.99s [fff1] 60 02 8a 00 e8       -> voltage = 13.8 V
 116.09s [fff1] ec                   -> current = 3.98 A
 116.20s [fff1] 62 01 46 25          -> capacity = 70 %
 116.98s [fff1] 60 02 8a 00 e8       -> voltage = 13.8 V
 117.08s [fff1] 24 01 05 20          -> step = 5 (absorption)
 117.30s [fff1] 24 01 05 20          -> step = 5 (absorption)
 117.50s [fff1] 24 01 05 20          -> step = 5 (absorption)
 117.73s [fff1] 24 01 05 20          -> step = 5 (absorption)
 117.93s [fff1] 24 01 05 20          -> step = 5 (absorption)
 118.14s [fff1] 60 02 88 00 ea       -> voltage = 13.6 V
 118.24s [fff1] 61 02 1c 01 7e       -> current = 2.84 A
 118.34s [fff1] 5f                   -> capacity = 60 %
 118.97s [fff1] 60 02 88 00 ea       -> voltage = 13.6 V
 119.09s [fff1] 61 02 1c 01 7e       -> current = 2.84 A
 119.19s [fff1] 3c 5f                -> capacity = 60 %
 119.98s [fff1] 60 02 87 00 e5       -> voltage = 13.5 V
 120.08s [fff1] 61 02 1c 01 7e       -> current = 2.84 A
 120.18s [fff1] 62 01 3c 5f          -> capacity = 60 %
 120.98s [fff1] 60 02 87 00 e5       -> voltage = 13.5 V
 121.08s [fff1] 61 02 1c 01 7e       -> current = 2.84 A
 121.18s [fff1] 62 01 37 54          -> capacity = 55 %
 121.97s [fff1] 60 02 87 00 e5       -> voltage = 13.5 V
 122.08s [fff1] 61 02 1c 01 7e       -> current = 2.84 A
 122.18s [fff1] 62 01 37 54          -> capacity = 55 %
 122.97s [fff1] 60 02 87 00 e5       -> voltage = 13.5 V
 123.07s [fff1] 61 02 1c 01 7e       -> current = 2.84 A
 123.18s [fff1] 62 01 37 54          -> capacity = 55 %
 123.97s [fff1] 60 02 87 00 e5       -> voltage = 13.5 V
 124.07s [fff1] 61 02 1c 01 7e       -> current = 2.84 A
 124.17s [fff1] 62 01 37 54          -> capacity = 55 %
 124.96s [fff1] 60 02 87 00 e5       -> voltage = 13.5 V
 125.07s [fff1] 61 02 1c 01 7e       -> current = 2.84 A
 125.17s [fff1] 62 01 37 54          -> capacity = 55 %
 125.96s [fff1] 60 02 87 00 e5       -> voltage = 13.5 V
 126.06s [fff1] 61 02 1c 01 7e       -> current = 2.84 A
 126.16s [fff1] 62 01 37 54          -> capacity = 55 %
 126.95s [fff1] 60 02 87 00 e5       -> voltage = 13.5 V
 127.06s [fff1] 61 02 1c 01 7e       -> current = 2.84 A
 127.17s [fff1] 62 01 37 54          -> capacity = 55 %
 127.95s [fff1] 60 02 87 00 e5       -> voltage = 13.5 V
 128.05s [fff1] 61 02 1c 01 7e       -> current = 2.84 A
 128.15s [fff1] 62 01 37 54          -> capacity = 55 %
 128.95s [fff1] 60 02 87 00 e5       -> voltage = 13.5 V
 129.06s [fff1] 61 02 1c 01 7e       -> current = 2.84 A
 129.16s [fff1] 62 01 37 54          -> capacity = 55 %
 129.94s [fff1] 60 02 87 00 e5       -> voltage = 13.5 V
 130.06s [fff1] 61 02 1c 01 7e       -> current = 2.84 A
 130.16s [fff1] 62 01 37 54          -> capacity = 55 %
 130.95s [fff1] 60 02 87 00 e5       -> voltage = 13.5 V
 131.05s [fff1] 61 02 1c 01 7e       -> current = 2.84 A
 131.15s [fff1] 62 01 37 54          -> capacity = 55 %
 131.93s [fff1] 60 02 87 00 e5       -> voltage = 13.5 V
 132.05s [fff1] 61 02 1c 01 7e       -> current = 2.84 A
 132.15s [fff1] 62 01 37 54          -> capacity = 55 %
 132.95s [fff1] 60 02 87 00 e5       -> voltage = 13.5 V
 133.04s [fff1] 61 02 1c 01 7e       -> current = 2.84 A
 133.14s [fff1] 62 01 37 54          -> capacity = 55 %
 133.94s [fff1] 60 02 87 00 e5       -> voltage = 13.5 V
 134.04s [fff1] 61 02 1c 01 7e       -> current = 2.84 A
 134.14s [fff1] 62 01 37 54          -> capacity = 55 %
 134.93s [fff1] 60 02 87 00 e5       -> voltage = 13.5 V
 135.04s [fff1] 61 02 1c 01 7e       -> current = 2.84 A
 135.14s [fff1] 62 01 37 54          -> capacity = 55 %
 135.93s [fff1] 60 02 86 00 e4       -> voltage = 13.4 V
 136.03s [fff1] 61 02 1c 01 7e       -> current = 2.84 A
 136.14s [fff1] 62 01 32 51          -> capacity = 50 %
 136.92s [fff1] 60 02 86 00 e4       -> voltage = 13.4 V
 137.03s [fff1] 61 02 1c 01 7e       -> current = 2.84 A
 137.13s [fff1] 62 01 32 51          -> capacity = 50 %
 137.92s [fff1] 60 02 86 00 e4       -> voltage = 13.4 V
 138.03s [fff1] 61 02 1c 01 7e       -> current = 2.84 A
 138.12s [fff1] 62 01 32 51          -> capacity = 50 %
 138.92s [fff1] 60 02 86 00 e4       -> voltage = 13.4 V
 139.02s [fff1] 61 02 1c 01 7e       -> current = 2.84 A
 139.12s [fff1] 62 01 32 51          -> capacity = 50 %
 139.91s [fff1] 60 02 86 00 e4       -> voltage = 13.4 V
 140.02s [fff1] 61 02 1c 01 7e       -> current = 2.84 A
 140.12s [fff1] 62 01 32 51          -> capacity = 50 %
 140.91s [fff1] 60 02 86 00 e4       -> voltage = 13.4 V
 141.01s [fff1] 61 02 1c 01 7e       -> current = 2.84 A
 141.12s [fff1] 62 01 32 51          -> capacity = 50 %
 141.91s [fff1] 60 02 86 00 e4       -> voltage = 13.4 V
 142.01s [fff1] 61 02 1c 01 7e       -> current = 2.84 A
 142.12s [fff1] 62 01 32 51          -> capacity = 50 %
 142.92s [fff1] 60 02 86 00 e4       -> voltage = 13.4 V
 143.02s [fff1] 61 02 1c 01 7e       -> current = 2.84 A
 143.12s [fff1] 62 01 32 51          -> capacity = 50 %
 143.90s [fff1] 60 02 86 00 e4       -> voltage = 13.4 V
 144.01s [fff1] 7e                   -> current = 2.84 A
 144.11s [fff1] 62 01 32 51          -> capacity = 50 %
 144.89s [fff1] 60 02 86 00 e4       -> voltage = 13.4 V
 145.01s [fff1] 61 02 1c 01 7e       -> current = 2.84 A
 145.11s [fff1] 62 01 32 51          -> capacity = 50 %
 145.90s [fff1] 60 02 86 00 e4       -> voltage = 13.4 V
 146.00s [fff1] 61 02 1c 01 7e       -> current = 2.84 A
 146.10s [fff1] 62 01 32 51          -> capacity = 50 %
 146.90s [fff1] 60 02 86 00 e4       -> voltage = 13.4 V
 147.00s [fff1] 61 02 1c 01 7e       -> current = 2.84 A
 147.11s [fff1] 62 01 32 51          -> capacity = 50 %
 147.89s [fff1] 60 02 86 00 e4       -> voltage = 13.4 V
 148.00s [fff1] 61 02 1c 01 7e       -> current = 2.84 A
 148.10s [fff1] 62 01 32 51          -> capacity = 50 %
 148.89s [fff1] 60 02 86 00 e4       -> voltage = 13.4 V
 148.99s [fff1] 61 02 1c 01 7e       -> current = 2.84 A
 149.09s [fff1] 62 01 32 51          -> capacity = 50 %
 149.88s [fff1] 60 02 86 00 e4       -> voltage = 13.4 V
 149.99s [fff1] 61 02 1c 01 7e       -> current = 2.84 A
 150.09s [fff1] 62 01 32 51          -> capacity = 50 %
 150.88s [fff1] 60 02 86 00 e4       -> voltage = 13.4 V
 150.98s [fff1] 61 02 1c 01 7e       -> current = 2.84 A
 151.09s [fff1] 32 51                -> capacity = 50 %
 151.88s [fff1] 60 02 86 00 e4       -> voltage = 13.4 V
 151.98s [fff1] 61 02 1c 01 7e       -> current = 2.84 A
 152.08s [fff1] 62 01 32 51          -> capacity = 50 %
 152.87s [fff1] 60 02 86 00 e4       -> voltage = 13.4 V
 152.98s [fff1] 61 02 1c 01 7e       -> current = 2.84 A
 153.08s [fff1] 62 01 32 51          -> capacity = 50 %
 153.88s [fff1] 60 02 86 00 e4       -> voltage = 13.4 V
 153.98s [fff1] 61 02 1c 01 7e       -> current = 2.84 A
 154.09s [fff1] 62 01 32 51          -> capacity = 50 %
 154.86s [fff1] 60 02 86 00 e4       -> voltage = 13.4 V
 154.97s [fff1] 61 02 1c 01 7e       -> current = 2.84 A
 155.08s [fff1] 62 01 32 51          -> capacity = 50 %
 155.86s [fff1] 60 02 86 00 e4       -> voltage = 13.4 V
 155.98s [fff1] 61 02 1c 01 7e       -> current = 2.84 A
 156.07s [fff1] 62 01 32 51          -> capacity = 50 %
 156.86s [fff1] 60 02 86 00 e4       -> voltage = 13.4 V
 156.97s [fff1] 61 02 1c 01 7e       -> current = 2.84 A
 157.07s [fff1] 62 01 32 51          -> capacity = 50 %
 157.87s [fff1] 60 02 86 00 e4       -> voltage = 13.4 V
 157.97s [fff1] 61 02 1c 01 7e       -> current = 2.84 A
 158.07s [fff1] 62 01 32 51          -> capacity = 50 %
 158.86s [fff1] 60 02 86 00 e4       -> voltage = 13.4 V
 158.96s [fff1] 61 02 1c 01 7e       -> current = 2.84 A
 159.06s [fff1] 62 01 32 51          -> capacity = 50 %
 159.86s [fff1] 60 02 86 00 e4       -> voltage = 13.4 V
 159.96s [fff1] 61 02 1c 01 7e       -> current = 2.84 A
 160.07s [fff1] 62 01 32 51          -> capacity = 50 %
 160.85s [fff1] 60 02 86 00 e4       -> voltage = 13.4 V
 160.96s [fff1] 61 02 1c 01 7e       -> current = 2.84 A
 161.06s [fff1] 62 01 32 51          -> capacity = 50 %
 161.85s [fff1] 60 02 86 00 e4       -> voltage = 13.4 V
 161.95s [fff1] 61 02 1c 01 7e       -> current = 2.84 A
 162.05s [fff1] 62 01 32 51          -> capacity = 50 %
 162.84s [fff1] 60 02 86 00 e4       -> voltage = 13.4 V
 162.95s [fff1] 61 02 1c 01 7e       -> current = 2.84 A
 163.05s [fff1] 32 51                -> capacity = 50 %
 163.84s [fff1] 60 02 86 00 e4       -> voltage = 13.4 V
 163.94s [fff1] 61 02 1c 01 7e       -> current = 2.84 A
 164.04s [fff1] 62 01 32 51          -> capacity = 50 %
 164.84s [fff1] 60 02 86 00 e4       -> voltage = 13.4 V
 164.94s [fff1] 61 02 1c 01 7e       -> current = 2.84 A
 165.04s [fff1] 62 01 32 51          -> capacity = 50 %
 165.83s [fff1] 60 02 86 00 e4       -> voltage = 13.4 V
 165.93s [fff1] 61 02 1c 01 7e       -> current = 2.84 A
 166.05s [fff1] 62 01 32 51          -> capacity = 50 %
 166.83s [fff1] 60 02 86 00 e4       -> voltage = 13.4 V
 166.93s [fff1] 61 02 1c 01 7e       -> current = 2.84 A
 167.04s [fff1] 62 01 32 51          -> capacity = 50 %
 167.83s [fff1] 60 02 86 00 e4       -> voltage = 13.4 V
 167.94s [fff1] 61 02 1c 01 7e       -> current = 2.84 A
 168.04s [fff1] 62 01 32 51          -> capacity = 50 %
 168.82s [fff1] 60 02 86 00 e4       -> voltage = 13.4 V
 168.94s [fff1] 61 02 1c 01 7e       -> current = 2.84 A
 169.05s [fff1] 62 01 32 51          -> capacity = 50 %
 169.82s [fff1] 60 02 86 00 e4       -> voltage = 13.4 V
 169.93s [fff1] 61 02 1c 01 7e       -> current = 2.84 A
 170.03s [fff1] 62 01 32 51          -> capacity = 50 %
 170.82s [fff1] 60 02 86 00 e4       -> voltage = 13.4 V
 170.93s [fff1] 61 02 1c 01 7e       -> current = 2.84 A
 171.03s [fff1] 62 01 32 51          -> capacity = 50 %
 171.82s [fff1] 60 02 86 00 e4       -> voltage = 13.4 V
 171.92s [fff1] 61 02 1c 01 7e       -> current = 2.84 A
 172.02s [fff1] 62 01 32 51          -> capacity = 50 %
 172.82s [fff1] 60 02 87 00 e5       -> voltage = 13.5 V
 172.92s [fff1] 61 02 1c 01 7e       -> current = 2.84 A
 173.02s [fff1] 62 01 37 54          -> capacity = 55 %
 173.81s [fff1] 60 02 87 00 e5       -> voltage = 13.5 V
 173.93s [fff1] 61 02 1c 01 7e       -> current = 2.84 A
 174.02s [fff1] 62 01 37 54          -> capacity = 55 %
 174.81s [fff1] 60 02 87 00 e5       -> voltage = 13.5 V
 174.91s [fff1] 61 02 1c 01 7e       -> current = 2.84 A
 175.01s [fff1] 62 01 37 54          -> capacity = 55 %
 175.81s [fff1] 60 02 87 00 e5       -> voltage = 13.5 V
 175.91s [fff1] 61 02 1c 01 7e       -> current = 2.84 A
 176.01s [fff1] 62 01 37 54          -> capacity = 55 %
 176.81s [fff1] 60 02 87 00 e5       -> voltage = 13.5 V
 176.90s [fff1] 61 02 1c 01 7e       -> current = 2.84 A
 177.00s [fff1] 62 01 37 54          -> capacity = 55 %
 177.80s [fff1] 60 02 87 00 e5       -> voltage = 13.5 V
 177.90s [fff1] 61 02 1c 01 7e       -> current = 2.84 A
 178.00s [fff1] 62 01 37 54          -> capacity = 55 %
 178.79s [fff1] 60 02 87 00 e5       -> voltage = 13.5 V
 178.90s [fff1] 61 02 1c 01 7e       -> current = 2.84 A
 179.00s [fff1] 62 01 37 54          -> capacity = 55 %
 179.79s [fff1] 60 02 87 00 e5       -> voltage = 13.5 V
 179.89s [fff1] 61 02 1c 01 7e       -> current = 2.84 A
 179.99s [fff1] 62 01 37 54          -> capacity = 55 %
 180.78s [fff1] 60 02 87 00 e5       -> voltage = 13.5 V
 180.91s [fff1] 61 02 1c 01 7e       -> current = 2.84 A
 181.00s [fff1] 37 54                -> capacity = 55 %
 181.78s [fff1] 60 02 87 00 e5       -> voltage = 13.5 V
 181.90s [fff1] 7e                   -> current = 2.84 A
 182.00s [fff1] 62 01 37 54          -> capacity = 55 %
 182.78s [fff1] 60 02 87 00 e5       -> voltage = 13.5 V
 182.89s [fff1] 61 02 1c 01 7e       -> current = 2.84 A
 183.00s [fff1] 62 01 37 54          -> capacity = 55 %
 183.79s [fff1] 60 02 87 00 e5       -> voltage = 13.5 V
 183.89s [fff1] 61 02 1c 01 7e       -> current = 2.84 A
 183.99s [fff1] 62 01 37 54          -> capacity = 55 %
 184.78s [fff1] 60 02 87 00 e5       -> voltage = 13.5 V
 184.88s [fff1] 61 02 1c 01 7e       -> current = 2.84 A
 184.99s [fff1] 37 54                -> capacity = 55 %
 185.78s [fff1] 60 02 87 00 e5       -> voltage = 13.5 V
 185.89s [fff1] 61 02 1c 01 7e       -> current = 2.84 A
 185.98s [fff1] 62 01 37 54          -> capacity = 55 %
 186.77s [fff1] 60 02 87 00 e5       -> voltage = 13.5 V
 186.88s [fff1] 61 02 1c 01 7e       -> current = 2.84 A
 186.98s [fff1] 62 01 37 54          -> capacity = 55 %
 187.77s [fff1] 60 02 87 00 e5       -> voltage = 13.5 V
 187.88s [fff1] 61 02 1c 01 7e       -> current = 2.84 A
 187.97s [fff1] 62 01 37 54          -> capacity = 55 %
 188.76s [fff1] 60 02 87 00 e5       -> voltage = 13.5 V
 188.87s [fff1] 61 02 1c 01 7e       -> current = 2.84 A
 188.97s [fff1] 62 01 37 54          -> capacity = 55 %
 189.76s [fff1] 60 02 87 00 e5       -> voltage = 13.5 V
 189.87s [fff1] 7e                   -> current = 2.84 A
 189.97s [fff1] 62 01 37 54          -> capacity = 55 %
 190.76s [fff1] 60 02 87 00 e5       -> voltage = 13.5 V
 190.86s [fff1] 61 02 1c 01 7e       -> current = 2.84 A
 190.96s [fff1] 62 01 37 54          -> capacity = 55 %
 191.76s [fff1] 60 02 87 00 e5       -> voltage = 13.5 V
 191.87s [fff1] 61 02 1c 01 7e       -> current = 2.84 A
 191.96s [fff1] 62 01 37 54          -> capacity = 55 %
 192.75s [fff1] 60 02 87 00 e5       -> voltage = 13.5 V
 192.85s [fff1] 61 02 1c 01 7e       -> current = 2.84 A
 192.96s [fff1] 62 01 37 54          -> capacity = 55 %
 193.75s [fff1] 60 02 87 00 e5       -> voltage = 13.5 V
 193.86s [fff1] 61 02 1c 01 7e       -> current = 2.84 A
 193.96s [fff1] 62 01 37 54          -> capacity = 55 %
 194.74s [fff1] 60 02 87 00 e5       -> voltage = 13.5 V
 194.86s [fff1] 61 02 1c 01 7e       -> current = 2.84 A
 194.96s [fff1] 62 01 37 54          -> capacity = 55 %
 195.76s [fff1] 60 02 87 00 e5       -> voltage = 13.5 V
 195.86s [fff1] 7e                   -> current = 2.84 A
 195.95s [fff1] 62 01 37 54          -> capacity = 55 %
 196.74s [fff1] 60 02 87 00 e5       -> voltage = 13.5 V
 196.85s [fff1] 61 02 1c 01 7e       -> current = 2.84 A
 196.95s [fff1] 62 01 37 54          -> capacity = 55 %
 197.74s [fff1] 60 02 87 00 e5       -> voltage = 13.5 V
 197.84s [fff1] 61 02 1c 01 7e       -> current = 2.84 A
 197.94s [fff1] 62 01 37 54          -> capacity = 55 %
 198.74s [fff1] 60 02 87 00 e5       -> voltage = 13.5 V
 198.84s [fff1] 61 02 1c 01 7e       -> current = 2.84 A
 198.94s [fff1] 54                   -> capacity = 55 %
 199.73s [fff1] 60 02 87 00 e5       -> voltage = 13.5 V
 199.84s [fff1] 61 02 1c 01 7e       -> current = 2.84 A
 199.95s [fff1] 62 01 37 54          -> capacity = 55 %
 200.73s [fff1] 60 02 87 00 e5       -> voltage = 13.5 V
 200.83s [fff1] 61 02 1c 01 7e       -> current = 2.84 A
 200.93s [fff1] 62 01 37 54          -> capacity = 55 %
 201.73s [fff1] 60 02 87 00 e5       -> voltage = 13.5 V
 201.83s [fff1] 61 02 1c 01 7e       -> current = 2.84 A
 201.93s [fff1] 62 01 37 54          -> capacity = 55 %
 202.72s [fff1] 60 02 87 00 e5       -> voltage = 13.5 V
 202.83s [fff1] 61 02 1c 01 7e       -> current = 2.84 A
 202.93s [fff1] 54                   -> capacity = 55 %
 203.72s [fff1] 60 02 87 00 e5       -> voltage = 13.5 V
 203.82s [fff1] 61 02 1c 01 7e       -> current = 2.84 A
 203.92s [fff1] 62 01 37 54          -> capacity = 55 %
 204.72s [fff1] e5                   -> voltage = 13.5 V
 204.82s [fff1] 61 02 1c 01 7e       -> current = 2.84 A
 204.92s [fff1] 62 01 37 54          -> capacity = 55 %
 205.71s [fff1] 60 02 87 00 e5       -> voltage = 13.5 V
 205.81s [fff1] 61 02 1c 01 7e       -> current = 2.84 A
 205.91s [fff1] 62 01 37 54          -> capacity = 55 %
 206.71s [fff1] 60 02 87 00 e5       -> voltage = 13.5 V
 206.81s [fff1] 61 02 1c 01 7e       -> current = 2.84 A
 206.93s [fff1] 62 01 37 54          -> capacity = 55 %
 207.70s [fff1] 60 02 87 00 e5       -> voltage = 13.5 V
 207.80s [fff1] 61 02 1c 01 7e       -> current = 2.84 A
 207.92s [fff1] 62 01 37 54          -> capacity = 55 %
 208.72s [fff1] 60 02 87 00 e5       -> voltage = 13.5 V
 208.81s [fff1] 61 02 1c 01 7e       -> current = 2.84 A
 208.92s [fff1] 54                   -> capacity = 55 %
 209.69s [fff1] 60 02 87 00 e5       -> voltage = 13.5 V
 209.81s [fff1] 61 02 1c 01 7e       -> current = 2.84 A
 209.91s [fff1] 62 01 37 54          -> capacity = 55 %
 210.70s [fff1] 60 02 87 00 e5       -> voltage = 13.5 V
 210.81s [fff1] 61 02 1c 01 7e       -> current = 2.84 A
 210.91s [fff1] 37 54                -> capacity = 55 %
 211.70s [fff1] 60 02 87 00 e5       -> voltage = 13.5 V
 211.80s [fff1] 61 02 1c 01 7e       -> current = 2.84 A
 211.90s [fff1] 62 01 37 54          -> capacity = 55 %
 212.69s [fff1] 60 02 87 00 e5       -> voltage = 13.5 V
 212.80s [fff1] 61 02 1c 01 7e       -> current = 2.84 A
 212.90s [fff1] 62 01 37 54          -> capacity = 55 %
 213.69s [fff1] 60 02 87 00 e5       -> voltage = 13.5 V
 213.80s [fff1] 61 02 1c 01 7e       -> current = 2.84 A
 213.89s [fff1] 62 01 37 54          -> capacity = 55 %
 214.69s [fff1] 60 02 87 00 e5       -> voltage = 13.5 V
 214.80s [fff1] 61 02 1c 01 7e       -> current = 2.84 A
 214.90s [fff1] 62 01 37 54          -> capacity = 55 %
 215.68s [fff1] 60 02 87 00 e5       -> voltage = 13.5 V
 215.79s [fff1] 61 02 1c 01 7e       -> current = 2.84 A
 215.89s [fff1] 62 01 37 54          -> capacity = 55 %
 216.68s [fff1] 60 02 87 00 e5       -> voltage = 13.5 V
 216.78s [fff1] 61 02 1c 01 7e       -> current = 2.84 A
 216.88s [fff1] 62 01 37 54          -> capacity = 55 %
 217.68s [fff1] 60 02 87 00 e5       -> voltage = 13.5 V
 217.79s [fff1] 61 02 1c 01 7e       -> current = 2.84 A
 217.88s [fff1] 62 01 37 54          -> capacity = 55 %
 218.68s [fff1] 60 02 87 00 e5       -> voltage = 13.5 V
 218.77s [fff1] 61 02 1c 01 7e       -> current = 2.84 A
 218.87s [fff1] 62 01 37 54          -> capacity = 55 %
 219.67s [fff1] 60 02 87 00 e5       -> voltage = 13.5 V
 219.77s [fff1] 61 02 1c 01 7e       -> current = 2.84 A
 219.89s [fff1] 62 01 37 54          -> capacity = 55 %
 220.66s [fff1] 60 02 87 00 e5       -> voltage = 13.5 V
 220.77s [fff1] 61 02 1c 01 7e       -> current = 2.84 A
 220.88s [fff1] 62 01 37 54          -> capacity = 55 %
 221.66s [fff1] 60 02 87 00 e5       -> voltage = 13.5 V
 221.76s [fff1] 61 02 1c 01 7e       -> current = 2.84 A
 221.87s [fff1] 62 01 37 54          -> capacity = 55 %
 222.65s [fff1] 60 02 87 00 e5       -> voltage = 13.5 V
 222.77s [fff1] 61 02 1c 01 7e       -> current = 2.84 A
 222.87s [fff1] 62 01 37 54          -> capacity = 55 %
 223.66s [fff1] 60 02 87 00 e5       -> voltage = 13.5 V
 223.77s [fff1] 7e                   -> current = 2.84 A
 223.87s [fff1] 62 01 37 54          -> capacity = 55 %
 224.66s [fff1] 60 02 87 00 e5       -> voltage = 13.5 V
 224.76s [fff1] 61 02 1c 01 7e       -> current = 2.84 A
 224.86s [fff1] 62 01 37 54          -> capacity = 55 %
 225.65s [fff1] 60 02 87 00 e5       -> voltage = 13.5 V
 225.76s [fff1] 7e                   -> current = 2.84 A
 225.86s [fff1] 62 01 37 54          -> capacity = 55 %
 226.65s [fff1] 60 02 87 00 e5       -> voltage = 13.5 V
 226.75s [fff1] 61 02 1c 01 7e       -> current = 2.84 A
 226.85s [fff1] 62 01 37 54          -> capacity = 55 %
 227.65s [fff1] 60 02 87 00 e5       -> voltage = 13.5 V
 227.75s [fff1] 7e                   -> current = 2.84 A
 227.85s [fff1] 62 01 37 54          -> capacity = 55 %
 228.64s [fff1] 60 02 87 00 e5       -> voltage = 13.5 V
 228.75s [fff1] 61 02 1c 01 7e       -> current = 2.84 A
 228.87s [fff1] 62 01 37 54          -> capacity = 55 %
 229.64s [fff1] 60 02 87 00 e5       -> voltage = 13.5 V
 229.75s [fff1] 61 02 1c 01 7e       -> current = 2.84 A
 229.85s [fff1] 62 01 37 54          -> capacity = 55 %
 230.64s [fff1] e5                   -> voltage = 13.5 V
 230.74s [fff1] 61 02 1c 01 7e       -> current = 2.84 A
 230.84s [fff1] 62 01 37 54          -> capacity = 55 %
 231.63s [fff1] 60 02 87 00 e5       -> voltage = 13.5 V
 231.74s [fff1] 7e                   -> current = 2.84 A
 231.85s [fff1] 62 01 37 54          -> capacity = 55 %
 232.63s [fff1] 60 02 87 00 e5       -> voltage = 13.5 V
 232.73s [fff1] 61 02 1c 01 7e       -> current = 2.84 A
 232.83s [fff1] 62 01 37 54          -> capacity = 55 %
 233.62s [fff1] 60 02 87 00 e5       -> voltage = 13.5 V
 233.72s [fff1] 61 02 1c 01 7e       -> current = 2.84 A
 233.84s [fff1] 62 01 37 54          -> capacity = 55 %
 234.62s [fff1] 60 02 87 00 e5       -> voltage = 13.5 V
 234.72s [fff1] 61 02 1c 01 7e       -> current = 2.84 A
 234.83s [fff1] 62 01 37 54          -> capacity = 55 %
 235.62s [fff1] 60 02 87 00 e5       -> voltage = 13.5 V
 235.73s [fff1] 61 02 1c 01 7e       -> current = 2.84 A
 235.83s [fff1] 62 01 37 54          -> capacity = 55 %
 236.61s [fff1] 60 02 87 00 e5       -> voltage = 13.5 V
 236.73s [fff1] 61 02 1c 01 7e       -> current = 2.84 A
 236.82s [fff1] 62 01 37 54          -> capacity = 55 %
 237.62s [fff1] 60 02 87 00 e5       -> voltage = 13.5 V
 237.72s [fff1] 61 02 1c 01 7e       -> current = 2.84 A
 237.82s [fff1] 62 01 37 54          -> capacity = 55 %
 238.61s [fff1] 60 02 87 00 e5       -> voltage = 13.5 V
 238.72s [fff1] 61 02 1c 01 7e       -> current = 2.84 A
 238.82s [fff1] 62 01 37 54          -> capacity = 55 %
 239.61s [fff1] 60 02 87 00 e5       -> voltage = 13.5 V
 239.71s [fff1] 61 02 1c 01 7e       -> current = 2.84 A
 239.81s [fff1] 62 01 37 54          -> capacity = 55 %
 240.61s [fff1] 60 02 87 00 e5       -> voltage = 13.5 V
 240.71s [fff1] 61 02 1c 01 7e       -> current = 2.84 A
 240.81s [fff1] 62 01 37 54          -> capacity = 55 %
 241.60s [fff1] 60 02 87 00 e5       -> voltage = 13.5 V
 241.70s [fff1] 61 02 1c 01 7e       -> current = 2.84 A
 241.81s [fff1] 62 01 37 54          -> capacity = 55 %
 242.60s [fff1] 60 02 87 00 e5       -> voltage = 13.5 V
 242.70s [fff1] 61 02 1c 01 7e       -> current = 2.84 A
 242.80s [fff1] 62 01 37 54          -> capacity = 55 %
 243.60s [fff1] 60 02 87 00 e5       -> voltage = 13.5 V
 243.70s [fff1] 61 02 1c 01 7e       -> current = 2.84 A
 243.80s [fff1] 62 01 37 54          -> capacity = 55 %
 244.59s [fff1] 60 02 87 00 e5       -> voltage = 13.5 V
 244.70s [fff1] 61 02 1c 01 7e       -> current = 2.84 A
 244.79s [fff1] 62 01 37 54          -> capacity = 55 %
 245.59s [fff1] 60 02 87 00 e5       -> voltage = 13.5 V
 245.69s [fff1] 61 02 1c 01 7e       -> current = 2.84 A
 245.79s [fff1] 62 01 37 54          -> capacity = 55 %
 246.58s [fff1] 60 02 87 00 e5       -> voltage = 13.5 V
 246.69s [fff1] 61 02 1c 01 7e       -> current = 2.84 A
 246.80s [fff1] 62 01 37 54          -> capacity = 55 %
 247.58s [fff1] 60 02 87 00 e5       -> voltage = 13.5 V
 247.68s [fff1] 61 02 1c 01 7e       -> current = 2.84 A
 247.79s [fff1] 62 01 37 54          -> capacity = 55 %
 248.59s [fff1] 60 02 87 00 e5       -> voltage = 13.5 V
 248.70s [fff1] 61 02 1c 01 7e       -> current = 2.84 A
 248.80s [fff1] 37 54                -> capacity = 55 %
 249.58s [fff1] 60 02 87 00 e5       -> voltage = 13.5 V
 249.68s [fff1] 61 02 1c 01 7e       -> current = 2.84 A
 249.79s [fff1] 62 01 37 54          -> capacity = 55 %
 250.58s [fff1] 60 02 87 00 e5       -> voltage = 13.5 V
 250.68s [fff1] 61 02 1c 01 7e       -> current = 2.84 A
 250.78s [fff1] 62 01 37 54          -> capacity = 55 %
 251.58s [fff1] 60 02 87 00 e5       -> voltage = 13.5 V
 251.68s [fff1] 61 02 1c 01 7e       -> current = 2.84 A
 251.78s [fff1] 62 01 37 54          -> capacity = 55 %
 252.57s [fff1] 60 02 87 00 e5       -> voltage = 13.5 V
 252.67s [fff1] 61 02 1c 01 7e       -> current = 2.84 A
 252.77s [fff1] 62 01 37 54          -> capacity = 55 %
 253.57s [fff1] 60 02 87 00 e5       -> voltage = 13.5 V
 253.67s [fff1] 61 02 1c 01 7e       -> current = 2.84 A
 253.78s [fff1] 62 01 37 54          -> capacity = 55 %
 254.56s [fff1] 60 02 87 00 e5       -> voltage = 13.5 V
 254.67s [fff1] 61 02 1c 01 7e       -> current = 2.84 A
 254.77s [fff1] 62 01 37 54          -> capacity = 55 %
 255.56s [fff1] 60 02 87 00 e5       -> voltage = 13.5 V
 255.66s [fff1] 61 02 1c 01 7e       -> current = 2.84 A
 255.76s [fff1] 62 01 37 54          -> capacity = 55 %
 256.55s [fff1] 60 02 87 00 e5       -> voltage = 13.5 V
 256.66s [fff1] 61 02 1c 01 7e       -> current = 2.84 A
 256.76s [fff1] 37 54                -> capacity = 55 %
 257.55s [fff1] 60 02 87 00 e5       -> voltage = 13.5 V
 257.65s [fff1] 61 02 1c 01 7e       -> current = 2.84 A
 257.75s [fff1] 62 01 37 54          -> capacity = 55 %
 258.55s [fff1] 60 02 87 00 e5       -> voltage = 13.5 V
 258.65s [fff1] 61 02 1c 01 7e       -> current = 2.84 A
 258.75s [fff1] 62 01 37 54          -> capacity = 55 %
 259.54s [fff1] 60 02 87 00 e5       -> voltage = 13.5 V
 259.65s [fff1] 61 02 1c 01 7e       -> current = 2.84 A
 259.76s [fff1] 62 01 37 54          -> capacity = 55 %
 260.54s [fff1] 60 02 87 00 e5       -> voltage = 13.5 V
 260.64s [fff1] 61 02 1c 01 7e       -> current = 2.84 A
 260.75s [fff1] 62 01 37 54          -> capacity = 55 %
 261.53s [fff1] 60 02 87 00 e5       -> voltage = 13.5 V
 261.65s [fff1] 61 02 1c 01 7e       -> current = 2.84 A
 261.75s [fff1] 62 01 37 54          -> capacity = 55 %
 262.53s [fff1] 60 02 87 00 e5       -> voltage = 13.5 V
 262.65s [fff1] 61 02 1c 01 7e       -> current = 2.84 A
 262.74s [fff1] 62 01 37 54          -> capacity = 55 %
 263.54s [fff1] 60 02 87 00 e5       -> voltage = 13.5 V
 263.64s [fff1] 61 02 1c 01 7e       -> current = 2.84 A
 263.74s [fff1] 62 01 37 54          -> capacity = 55 %
 264.53s [fff1] 60 02 87 00 e5       -> voltage = 13.5 V
 264.64s [fff1] 61 02 1c 01 7e       -> current = 2.84 A
 264.74s [fff1] 37 54                -> capacity = 55 %
 265.53s [fff1] 60 02 87 00 e5       -> voltage = 13.5 V
 265.63s [fff1] 61 02 1c 01 7e       -> current = 2.84 A
 265.73s [fff1] 62 01 37 54          -> capacity = 55 %
 266.52s [fff1] 60 02 87 00 e5       -> voltage = 13.5 V
 266.63s [fff1] 61 02 1c 01 7e       -> current = 2.84 A
 266.73s [fff1] 62 01 37 54          -> capacity = 55 %
 267.52s [fff1] 60 02 87 00 e5       -> voltage = 13.5 V
 267.63s [fff1] 61 02 1c 01 7e       -> current = 2.84 A
 267.73s [fff1] 62 01 37 54          -> capacity = 55 %
 268.52s [fff1] 60 02 87 00 e5       -> voltage = 13.5 V
 268.62s [fff1] 61 02 1c 01 7e       -> current = 2.84 A
 268.72s [fff1] 62 01 37 54          -> capacity = 55 %
 269.51s [fff1] 60 02 87 00 e5       -> voltage = 13.5 V
 269.62s [fff1] 61 02 1c 01 7e       -> current = 2.84 A
 269.72s [fff1] 62 01 37 54          -> capacity = 55 %
 270.51s [fff1] 60 02 87 00 e5       -> voltage = 13.5 V
 270.61s [fff1] 61 02 1c 01 7e       -> current = 2.84 A
 270.72s [fff1] 37 54                -> capacity = 55 %
 271.51s [fff1] 60 02 87 00 e5       -> voltage = 13.5 V
 271.61s [fff1] 61 02 1c 01 7e       -> current = 2.84 A
 271.71s [fff1] 62 01 37 54          -> capacity = 55 %
 272.50s [fff1] 60 02 87 00 e5       -> voltage = 13.5 V
 272.62s [fff1] 61 02 1c 01 7e       -> current = 2.84 A
 272.72s [fff1] 62 01 37 54          -> capacity = 55 %
 273.50s [fff1] 60 02 87 00 e5       -> voltage = 13.5 V
 273.62s [fff1] 61 02 1c 01 7e       -> current = 2.84 A
 273.72s [fff1] 62 01 37 54          -> capacity = 55 %
 274.49s [fff1] 60 02 87 00 e5       -> voltage = 13.5 V
 274.61s [fff1] 61 02 1c 01 7e       -> current = 2.84 A
 274.71s [fff1] 62 01 37 54          -> capacity = 55 %
 275.49s [fff1] 60 02 87 00 e5       -> voltage = 13.5 V
 275.60s [fff1] 61 02 1c 01 7e       -> current = 2.84 A
 275.70s [fff1] 62 01 37 54          -> capacity = 55 %
 276.50s [fff1] 60 02 87 00 e5       -> voltage = 13.5 V
 276.60s [fff1] 61 02 1c 01 7e       -> current = 2.84 A
 276.71s [fff1] 37 54                -> capacity = 55 %
 277.49s [fff1] 60 02 87 00 e5       -> voltage = 13.5 V
 277.59s [fff1] 61 02 1c 01 7e       -> current = 2.84 A
 277.70s [fff1] 62 01 37 54          -> capacity = 55 %
 278.49s [fff1] 60 02 87 00 e5       -> voltage = 13.5 V
 278.59s [fff1] 61 02 1c 01 7e       -> current = 2.84 A
 278.69s [fff1] 62 01 37 54          -> capacity = 55 %
 279.48s [fff1] 60 02 87 00 e5       -> voltage = 13.5 V
 279.59s [fff1] 61 02 1c 01 7e       -> current = 2.84 A
 279.69s [fff1] 62 01 37 54          -> capacity = 55 %
 280.48s [fff1] 60 02 87 00 e5       -> voltage = 13.5 V
 280.58s [fff1] 61 02 1c 01 7e       -> current = 2.84 A
 280.68s [fff1] 62 01 37 54          -> capacity = 55 %
 281.48s [fff1] 60 02 87 00 e5       -> voltage = 13.5 V
 281.58s [fff1] 61 02 1c 01 7e       -> current = 2.84 A
 281.68s [fff1] 62 01 37 54          -> capacity = 55 %
 282.47s [fff1] 60 02 87 00 e5       -> voltage = 13.5 V
 282.58s [fff1] 61 02 1c 01 7e       -> current = 2.84 A
 282.68s [fff1] 62 01 37 54          -> capacity = 55 %
 283.47s [fff1] 60 02 87 00 e5       -> voltage = 13.5 V
 283.57s [fff1] 61 02 1c 01 7e       -> current = 2.84 A
 283.67s [fff1] 62 01 37 54          -> capacity = 55 %
 284.46s [fff1] 60 02 87 00 e5       -> voltage = 13.5 V
 284.57s [fff1] 61 02 1c 01 7e       -> current = 2.84 A
 284.67s [fff1] 62 01 37 54          -> capacity = 55 %
 285.46s [fff1] 60 02 87 00 e5       -> voltage = 13.5 V
 285.56s [fff1] 61 02 1c 01 7e       -> current = 2.84 A
 285.67s [fff1] 62 01 37 54          -> capacity = 55 %
 286.46s [fff1] 60 02 87 00 e5       -> voltage = 13.5 V
 286.57s [fff1] 61 02 1c 01 7e       -> current = 2.84 A
 286.67s [fff1] 62 01 37 54          -> capacity = 55 %
 287.45s [fff1] 60 02 87 00 e5       -> voltage = 13.5 V
 287.57s [fff1] 61 02 1c 01 7e       -> current = 2.84 A
 287.67s [fff1] 62 01 37 54          -> capacity = 55 %
 288.46s [fff1] 60 02 87 00 e5       -> voltage = 13.5 V
 288.56s [fff1] 61 02 1c 01 7e       -> current = 2.84 A
 288.67s [fff1] 62 01 37 54          -> capacity = 55 %
 289.46s [fff1] 60 02 87 00 e5       -> voltage = 13.5 V
 289.56s [fff1] 61 02 1c 01 7e       -> current = 2.84 A
 289.66s [fff1] 62 01 37 54          -> capacity = 55 %
 290.45s [fff1] 60 02 87 00 e5       -> voltage = 13.5 V
 290.56s [fff1] 61 02 1c 01 7e       -> current = 2.84 A
 290.65s [fff1] 62 01 37 54          -> capacity = 55 %
 291.45s [fff1] 60 02 87 00 e5       -> voltage = 13.5 V
 291.55s [fff1] 7e                   -> current = 2.84 A
 291.65s [fff1] 62 01 37 54          -> capacity = 55 %
 292.44s [fff1] 60 02 87 00 e5       -> voltage = 13.5 V
 292.55s [fff1] 61 02 1c 01 7e       -> current = 2.84 A
 292.66s [fff1] 62 01 37 54          -> capacity = 55 %
 293.45s [fff1] 60 02 87 00 e5       -> voltage = 13.5 V
 293.54s [fff1] 61 02 1c 01 7e       -> current = 2.84 A
 293.64s [fff1] 62 01 37 54          -> capacity = 55 %
 294.44s [fff1] 60 02 87 00 e5       -> voltage = 13.5 V
 294.54s [fff1] 61 02 1c 01 7e       -> current = 2.84 A
 294.64s [fff1] 62 01 37 54          -> capacity = 55 %
 295.43s [fff1] 60 02 87 00 e5       -> voltage = 13.5 V
 295.54s [fff1] 61 02 1c 01 7e       -> current = 2.84 A
 295.64s [fff1] 62 01 37 54          -> capacity = 55 %
 296.43s [fff1] 60 02 87 00 e5       -> voltage = 13.5 V
 296.53s [fff1] 61 02 1c 01 7e       -> current = 2.84 A
 296.63s [fff1] 62 01 37 54          -> capacity = 55 %
 297.43s [fff1] 60 02 87 00 e5       -> voltage = 13.5 V
 297.53s [fff1] 61 02 1c 01 7e       -> current = 2.84 A
 297.63s [fff1] 62 01 37 54          -> capacity = 55 %
 298.42s [fff1] 60 02 87 00 e5       -> voltage = 13.5 V
 298.52s [fff1] 61 02 1c 01 7e       -> current = 2.84 A
 298.64s [fff1] 62 01 37 54          -> capacity = 55 %
 299.42s [fff1] 60 02 87 00 e5       -> voltage = 13.5 V
 299.53s [fff1] 61 02 1c 01 7e       -> current = 2.84 A
 299.63s [fff1] 62 01 37 54          -> capacity = 55 %
 300.41s [fff1] 60 02 87 00 e5       -> voltage = 13.5 V
 300.53s [fff1] 61 02 1c 01 7e       -> current = 2.84 A
 300.63s [fff1] 62 01 37 54          -> capacity = 55 %
 301.41s [fff1] 60 02 87 00 e5       -> voltage = 13.5 V
 301.52s [fff1] 61 02 1c 01 7e       -> current = 2.84 A
 301.62s [fff1] 62 01 37 54          -> capacity = 55 %
 302.40s [fff1] 60 02 87 00 e5       -> voltage = 13.5 V
 302.52s [fff1] 61 02 1c 01 7e       -> current = 2.84 A
 302.62s [fff1] 54                   -> capacity = 55 %
 303.41s [fff1] 60 02 87 00 e5       -> voltage = 13.5 V
 303.52s [fff1] 7e                   -> current = 2.84 A
 303.62s [fff1] 62 01 37 54          -> capacity = 55 %
 304.41s [fff1] 60 02 87 00 e5       -> voltage = 13.5 V
 304.51s [fff1] 61 02 1c 01 7e       -> current = 2.84 A
 304.62s [fff1] 62 01 37 54          -> capacity = 55 %
 305.40s [fff1] 60 02 87 00 e5       -> voltage = 13.5 V
 305.50s [fff1] 61 02 1c 01 7e       -> current = 2.84 A
 305.61s [fff1] 62 01 37 54          -> capacity = 55 %
 306.40s [fff1] 60 02 87 00 e5       -> voltage = 13.5 V
 306.50s [fff1] 61 02 1c 01 7e       -> current = 2.84 A
 306.60s [fff1] 62 01 37 54          -> capacity = 55 %
 307.40s [fff1] 60 02 87 00 e5       -> voltage = 13.5 V
 307.50s [fff1] 61 02 1c 01 7e       -> current = 2.84 A
 307.60s [fff1] 62 01 37 54          -> capacity = 55 %
 308.39s [fff1] 60 02 87 00 e5       -> voltage = 13.5 V
 308.49s [fff1] 61 02 1c 01 7e       -> current = 2.84 A
 308.60s [fff1] 62 01 37 54          -> capacity = 55 %
 309.39s [fff1] 60 02 87 00 e5       -> voltage = 13.5 V
 309.49s [fff1] 61 02 1c 01 7e       -> current = 2.84 A
 309.59s [fff1] 62 01 37 54          -> capacity = 55 %
 310.38s [fff1] 60 02 87 00 e5       -> voltage = 13.5 V
 310.49s [fff1] 61 02 1c 01 7e       -> current = 2.84 A
 310.59s [fff1] 62 01 37 54          -> capacity = 55 %
 311.38s [fff1] 60 02 87 00 e5       -> voltage = 13.5 V
 311.48s [fff1] 61 02 1c 01 7e       -> current = 2.84 A
 311.58s [fff1] 62 01 37 54          -> capacity = 55 %
 312.38s [fff1] 60 02 87 00 e5       -> voltage = 13.5 V
 312.48s [fff1] 61 02 1c 01 7e       -> current = 2.84 A
 312.59s [fff1] 37 54                -> capacity = 55 %
 313.37s [fff1] 60 02 87 00 e5       -> voltage = 13.5 V
 313.49s [fff1] 7e                   -> current = 2.84 A
 313.59s [fff1] 62 01 37 54          -> capacity = 55 %
 314.37s [fff1] 60 02 87 00 e5       -> voltage = 13.5 V
 314.48s [fff1] 61 02 1c 01 7e       -> current = 2.84 A
 314.58s [fff1] 62 01 37 54          -> capacity = 55 %
 315.36s [fff1] 60 02 87 00 e5       -> voltage = 13.5 V
 315.48s [fff1] 1c 01 7e             -> current = 2.84 A
 315.58s [fff1] 62 01 37 54          -> capacity = 55 %
 316.37s [fff1] 60 02 87 00 e5       -> voltage = 13.5 V
 316.47s [fff1] 61 02 1c 01 7e       -> current = 2.84 A
 316.57s [fff1] 62 01 37 54          -> capacity = 55 %
 317.36s [fff1] 60 02 87 00 e5       -> voltage = 13.5 V
 317.47s [fff1] 61 02 1c 01 7e       -> current = 2.84 A
 317.57s [fff1] 62 01 37 54          -> capacity = 55 %
 318.36s [fff1] e5                   -> voltage = 13.5 V
 318.47s [fff1] 61 02 1c 01 7e       -> current = 2.84 A
 318.57s [fff1] 54                   -> capacity = 55 %
 319.36s [fff1] 60 02 87 00 e5       -> voltage = 13.5 V
 319.46s [fff1] 61 02 1c 01 7e       -> current = 2.84 A
 319.56s [fff1] 62 01 37 54          -> capacity = 55 %
 320.36s [fff1] e5                   -> voltage = 13.5 V
 320.46s [fff1] 61 02 1c 01 7e       -> current = 2.84 A
 320.56s [fff1] 62 01 37 54          -> capacity = 55 %
